  практика 7.cpp
C:\Users\Ангелина\OneDrive\Рабочий стол\Колледж\Практические\Дубовик\практика 7\практика 7.cpp(250,39): warning C4018: <: несоответствие типов со знаком и без знака
C:\Users\Ангелина\OneDrive\Рабочий стол\Колледж\Практические\Дубовик\практика 7\практика 7.cpp(266,39): warning C4018: <: несоответствие типов со знаком и без знака
C:\Users\Ангелина\OneDrive\Рабочий стол\Колледж\Практические\Дубовик\практика 7\практика 7.cpp(283,39): warning C4018: <: несоответствие типов со знаком и без знака
C:\Users\Ангелина\OneDrive\Рабочий стол\Колледж\Практические\Дубовик\практика 7\практика 7.cpp(307,39): warning C4018: <: несоответствие типов со знаком и без знака
C:\Users\Ангелина\OneDrive\Рабочий стол\Колледж\Практические\Дубовик\практика 7\практика 7.cpp(323,39): warning C4018: <: несоответствие типов со знаком и без знака
C:\Users\Ангелина\OneDrive\Рабочий стол\Колледж\Практические\Дубовик\практика 7\практика 7.cpp(367,39): warning C4018: <: несоответствие типов со знаком и без знака
C:\Users\Ангелина\OneDrive\Рабочий стол\Колледж\Практические\Дубовик\практика 7\практика 7.cpp(381,39): warning C4018: <: несоответствие типов со знаком и без знака
C:\Users\Ангелина\OneDrive\Рабочий стол\Колледж\Практические\Дубовик\практика 7\практика 7.cpp(395,39): warning C4018: <: несоответствие типов со знаком и без знака
C:\Users\Ангелина\OneDrive\Рабочий стол\Колледж\Практические\Дубовик\практика 7\практика 7.cpp(409,39): warning C4018: <: несоответствие типов со знаком и без знака
C:\Users\Ангелина\OneDrive\Рабочий стол\Колледж\Практические\Дубовик\практика 7\практика 7.cpp(451,39): warning C4018: <: несоответствие типов со знаком и без знака
C:\Users\Ангелина\OneDrive\Рабочий стол\Колледж\Практические\Дубовик\практика 7\практика 7.cpp(464,39): warning C4018: <: несоответствие типов со знаком и без знака
C:\Users\Ангелина\OneDrive\Рабочий стол\Колледж\Практические\Дубовик\практика 7\практика 7.cpp(477,39): warning C4018: <: несоответствие типов со знаком и без знака
C:\Users\Ангелина\OneDrive\Рабочий стол\Колледж\Практические\Дубовик\практика 7\практика 7.cpp(490,39): warning C4018: <: несоответствие типов со знаком и без знака
C:\Users\Ангелина\OneDrive\Рабочий стол\Колледж\Практические\Дубовик\практика 7\практика 7.cpp(503,39): warning C4018: <: несоответствие типов со знаком и без знака
C:\Users\Ангелина\OneDrive\Рабочий стол\Колледж\Практические\Дубовик\практика 7\практика 7.cpp(208,7): warning C4102: Invent: неиспользованная метка
C:\Users\Ангелина\OneDrive\Рабочий стол\Колледж\Практические\Дубовик\практика 7\практика 7.cpp(826,23): warning C4018: <: несоответствие типов со знаком и без знака
C:\Users\Ангелина\OneDrive\Рабочий стол\Колледж\Практические\Дубовик\практика 7\практика 7.cpp(1090,23): warning C4018: <: несоответствие типов со знаком и без знака
C:\Users\Ангелина\OneDrive\Рабочий стол\Колледж\Практические\Дубовик\практика 7\практика 7.cpp(1122,31): warning C4018: <: несоответствие типов со знаком и без знака
C:\Users\Ангелина\OneDrive\Рабочий стол\Колледж\Практические\Дубовик\практика 7\практика 7.cpp(1133,31): warning C4018: <: несоответствие типов со знаком и без знака
C:\Users\Ангелина\OneDrive\Рабочий стол\Колледж\Практические\Дубовик\практика 7\практика 7.cpp(1144,31): warning C4018: <: несоответствие типов со знаком и без знака
C:\Users\Ангелина\OneDrive\Рабочий стол\Колледж\Практические\Дубовик\практика 7\практика 7.cpp(1158,35): warning C4018: <: несоответствие типов со знаком и без знака
C:\Users\Ангелина\OneDrive\Рабочий стол\Колледж\Практические\Дубовик\практика 7\практика 7.cpp(1204,39): warning C4018: <: несоответствие типов со знаком и без знака
C:\Users\Ангелина\OneDrive\Рабочий стол\Колледж\Практические\Дубовик\практика 7\практика 7.cpp(1294,31): warning C4018: <: несоответствие типов со знаком и без знака
C:\Users\Ангелина\OneDrive\Рабочий стол\Колледж\Практические\Дубовик\практика 7\практика 7.cpp(1305,31): warning C4018: <: несоответствие типов со знаком и без знака
C:\Users\Ангелина\OneDrive\Рабочий стол\Колледж\Практические\Дубовик\практика 7\практика 7.cpp(1318,27): warning C4018: <: несоответствие типов со знаком и без знака
C:\Users\Ангелина\OneDrive\Рабочий стол\Колледж\Практические\Дубовик\практика 7\практика 7.cpp(1369,19): warning C4244: аргумент: преобразование "time_t" в "unsigned int", возможна потеря данных
C:\Users\Ангелина\OneDrive\Рабочий стол\Колледж\Практические\Дубовик\практика 7\практика 7.cpp(1473,15): warning C4244: аргумент: преобразование "time_t" в "unsigned int", возможна потеря данных
C:\Users\Ангелина\OneDrive\Рабочий стол\Колледж\Практические\Дубовик\практика 7\практика 7.cpp(1478,15): warning C4244: аргумент: преобразование "time_t" в "unsigned int", возможна потеря данных
  практика 7.vcxproj -> C:\Users\Ангелина\OneDrive\Рабочий стол\Колледж\Практические\Дубовик\практика 7\Debug\практика 7.exe
